<?xml version="1.0" encoding="UTF-8"?>
<testng-results skipped="0" failed="0" ignored="0" total="3" passed="3">
  <reporter-output>
  </reporter-output>
  <suite name="Default suite" duration-ms="1535" started-at="2019-04-07T16:33:49Z" finished-at="2019-04-07T16:33:51Z">
    <groups>
    </groups>
    <test name="Default test" duration-ms="1535" started-at="2019-04-07T16:33:49Z" finished-at="2019-04-07T16:33:51Z">
      <class name="dataDriven.excelDataProvider.dataProvide">
        <test-method status="PASS" signature="testCaseData(java.lang.String, java.lang.String, java.lang.String)[pri:0, instance:dataDriven.excelDataProvider.dataProvide@4c70fda8]" name="testCaseData" duration-ms="14" started-at="2019-04-07T12:33:51Z" data-provider="driveTest" finished-at="2019-04-07T12:33:51Z">
          <params>
            <param index="0">
              <value>
                <![CDATA[hello]]>
              </value>
            </param>
            <param index="1">
              <value>
                <![CDATA[text]]>
              </value>
            </param>
            <param index="2">
              <value>
                <![CDATA[1]]>
              </value>
            </param>
          </params>
          <reporter-output>
          </reporter-output>
        </test-method> <!-- testCaseData -->
        <test-method status="PASS" signature="testCaseData(java.lang.String, java.lang.String, java.lang.String)[pri:0, instance:dataDriven.excelDataProvider.dataProvide@4c70fda8]" name="testCaseData" duration-ms="7" started-at="2019-04-07T12:33:51Z" data-provider="driveTest" finished-at="2019-04-07T12:33:51Z">
          <params>
            <param index="0">
              <value>
                <![CDATA[bye]]>
              </value>
            </param>
            <param index="1">
              <value>
                <![CDATA[message ]]>
              </value>
            </param>
            <param index="2">
              <value>
                <![CDATA[143]]>
              </value>
            </param>
          </params>
          <reporter-output>
          </reporter-output>
        </test-method> <!-- testCaseData -->
        <test-method status="PASS" signature="testCaseData(java.lang.String, java.lang.String, java.lang.String)[pri:0, instance:dataDriven.excelDataProvider.dataProvide@4c70fda8]" name="testCaseData" duration-ms="7" started-at="2019-04-07T12:33:51Z" data-provider="driveTest" finished-at="2019-04-07T12:33:51Z">
          <params>
            <param index="0">
              <value>
                <![CDATA[solo]]>
              </value>
            </param>
            <param index="1">
              <value>
                <![CDATA[call]]>
              </value>
            </param>
            <param index="2">
              <value>
                <![CDATA[453]]>
              </value>
            </param>
          </params>
          <reporter-output>
          </reporter-output>
        </test-method> <!-- testCaseData -->
      </class> <!-- dataDriven.excelDataProvider.dataProvide -->
    </test> <!-- Default test -->
  </suite> <!-- Default suite -->
</testng-results>
