<?xml version="1.0" encoding="UTF-8"?>
<testng-results skipped="0" failed="0" ignored="0" total="1" passed="1">
  <reporter-output>
  </reporter-output>
  <suite name="Default suite" duration-ms="50" started-at="2019-04-15T11:59:50Z" finished-at="2019-04-15T11:59:50Z">
    <groups>
    </groups>
    <test name="Default test" duration-ms="50" started-at="2019-04-15T11:59:50Z" finished-at="2019-04-15T11:59:50Z">
      <class name="test1">
        <test-method status="PASS" signature="regular()[pri:0, instance:test1@6a2bcfcb]" name="regular" duration-ms="17" started-at="2019-04-15T07:59:50Z" finished-at="2019-04-15T07:59:50Z">
          <reporter-output>
          </reporter-output>
        </test-method> <!-- regular -->
      </class> <!-- test1 -->
    </test> <!-- Default test -->
  </suite> <!-- Default suite -->
</testng-results>
