<?xml version="1.0" encoding="UTF-8"?>
<!-- Generated by org.testng.reporters.JUnitXMLReporter -->
<testsuite hostname="DESKTOP-GOMK6OD" ignored="0" name="Test" tests="3" failures="0" timestamp="06 Apr 2019 18:57:01 GMT" time="127.124" errors="0">
  <testcase name="test1" time="42.775" classname="remoteTesting.dockerValidation.chromeTest1"/>
  <testcase name="test2" time="46.153" classname="remoteTesting.dockerValidation.chromeTest2"/>
  <testcase name="test3" time="52.237" classname="remoteTesting.dockerValidation.chromeTest3"/>
</testsuite> <!-- Test -->
