<?xml version="1.0" encoding="UTF-8"?>
<testsuite xmlns:xsi="http://www.w3.org/2001/XMLSchema-instance" xsi:noNamespaceSchemaLocation="https://maven.apache.org/surefire/maven-surefire-plugin/xsd/surefire-test-report-3.0.xsd" version="3.0" name="TestSuite" time="130.764" tests="3" errors="0" skipped="0" failures="0">
  <properties>
[...]
</properties>
  <testcase name="test1" classname="remoteTesting.dockerValidation.chromeTest1" time="42.781"/>
  <testcase name="test2" classname="remoteTesting.dockerValidation.chromeTest2" time="46.156"/>
  <testcase name="test3" classname="remoteTesting.dockerValidation.chromeTest3" time="52.238"/>
</testsuite>