<?xml version="1.0" encoding="UTF-8"?>
<!-- Generated by org.testng.reporters.JUnitXMLReporter -->
<testsuite hostname="DESKTOP-GOMK6OD" ignored="0" name="Default test" tests="3" failures="0" timestamp="07 Apr 2019 16:33:51 GMT" time="1.535" errors="0">
  <testcase name="testCaseData" time="0.014" classname="dataDriven.excelDataProvider.dataProvide"/>
  <testcase name="testCaseData" time="0.007" classname="dataDriven.excelDataProvider.dataProvide"/>
  <testcase name="testCaseData" time="0.007" classname="dataDriven.excelDataProvider.dataProvide"/>
</testsuite> <!-- Default test -->
