<?xml version="1.0" encoding="UTF-8"?>
<testng-results skipped="0" failed="0" ignored="0" total="3" passed="3">
  <reporter-output>
  </reporter-output>
  <suite name="Suite" duration-ms="109633" started-at="2019-04-06T18:19:02Z" finished-at="2019-04-06T18:20:52Z">
    <groups>
    </groups>
    <test name="Test" duration-ms="109633" started-at="2019-04-06T18:19:02Z" finished-at="2019-04-06T18:20:52Z">
      <class name="remoteTesting.dockerValidation.chromeTest1">
        <test-method status="PASS" signature="startDockerScale()[pri:0, instance:remoteTesting.dockerValidation.chromeTest1@5c7fa833]" name="startDockerScale" is-config="true" duration-ms="49021" started-at="2019-04-06T14:19:02Z" finished-at="2019-04-06T14:19:51Z">
          <reporter-output>
          </reporter-output>
        </test-method> <!-- startDockerScale -->
        <test-method status="PASS" signature="test1()[pri:0, instance:remoteTesting.dockerValidation.chromeTest1@5c7fa833]" name="test1" duration-ms="30542" started-at="2019-04-06T14:19:51Z" finished-at="2019-04-06T14:20:22Z">
          <reporter-output>
          </reporter-output>
        </test-method> <!-- test1 -->
        <test-method status="PASS" signature="stopDockerDeleteFile()[pri:0, instance:remoteTesting.dockerValidation.chromeTest1@5c7fa833]" name="stopDockerDeleteFile" is-config="true" duration-ms="14463" started-at="2019-04-06T14:20:37Z" finished-at="2019-04-06T14:20:52Z">
          <reporter-output>
          </reporter-output>
        </test-method> <!-- stopDockerDeleteFile -->
      </class> <!-- remoteTesting.dockerValidation.chromeTest1 -->
      <class name="remoteTesting.dockerValidation.chromeTest2">
        <test-method status="PASS" signature="test2()[pri:0, instance:remoteTesting.dockerValidation.chromeTest2@39aeed2f]" name="test2" duration-ms="32543" started-at="2019-04-06T14:19:51Z" finished-at="2019-04-06T14:20:24Z">
          <reporter-output>
          </reporter-output>
        </test-method> <!-- test2 -->
      </class> <!-- remoteTesting.dockerValidation.chromeTest2 -->
      <class name="remoteTesting.dockerValidation.chromeTest3">
        <test-method status="PASS" signature="test3()[pri:0, instance:remoteTesting.dockerValidation.chromeTest3@724af044]" name="test3" duration-ms="46021" started-at="2019-04-06T14:19:51Z" finished-at="2019-04-06T14:20:37Z">
          <reporter-output>
          </reporter-output>
        </test-method> <!-- test3 -->
      </class> <!-- remoteTesting.dockerValidation.chromeTest3 -->
    </test> <!-- Test -->
  </suite> <!-- Suite -->
</testng-results>
