<?xml version="1.0" encoding="UTF-8"?>
<!-- Generated by org.testng.reporters.JUnitXMLReporter -->
<testsuite hostname="DESKTOP-GOMK6OD" ignored="0" name="Test" tests="3" failures="0" timestamp="06 Apr 2019 18:20:52 GMT" time="109.633" errors="0">
  <testcase name="test1" time="30.542" classname="remoteTesting.dockerValidation.chromeTest1"/>
  <testcase name="test2" time="32.543" classname="remoteTesting.dockerValidation.chromeTest2"/>
  <testcase name="test3" time="46.021" classname="remoteTesting.dockerValidation.chromeTest3"/>
</testsuite> <!-- Test -->
